2015/01/30 14:47:50 [error] [exception.CHttpException.404] exception 'CHttpException' with message 'Unable to resolve the request "Main".' in C:\newOpenServer\domains\netscout.local\framework\web\CWebApplication.php:286
Stack trace:
#0 C:\newOpenServer\domains\netscout.local\framework\web\CWebApplication.php(141): CWebApplication->runController('')
#1 C:\newOpenServer\domains\netscout.local\framework\base\CApplication.php(184): CWebApplication->processRequest()
#2 C:\newOpenServer\domains\netscout.local\index.php(13): CApplication->run()
#3 {main}
REQUEST_URI=/
---
2015/01/30 14:48:06 [error] [exception.CHttpException.404] exception 'CHttpException' with message 'Unable to resolve the request "Main".' in C:\newOpenServer\domains\netscout.local\framework\web\CWebApplication.php:286
Stack trace:
#0 C:\newOpenServer\domains\netscout.local\framework\web\CWebApplication.php(141): CWebApplication->runController('')
#1 C:\newOpenServer\domains\netscout.local\framework\base\CApplication.php(184): CWebApplication->processRequest()
#2 C:\newOpenServer\domains\netscout.local\index.php(13): CApplication->run()
#3 {main}
REQUEST_URI=/index.php
HTTP_REFERER=http://netscout.local/
---
2015/01/30 16:30:33 [error] [php] include(Debud.php): failed to open stream: No such file or directory (C:\newOpenServer\domains\netscout.local\framework\YiiBase.php:432)
Stack trace:
#0 C:\newOpenServer\domains\netscout.local\protected\widgets\MainMenu.php(7): spl_autoload_call()
#1 C:\newOpenServer\domains\netscout.local\framework\web\CBaseController.php(181): MainMenu->run()
#2 C:\newOpenServer\domains\netscout.local\protected\views\layouts\main.php(16): PageController->widget()
#3 C:\newOpenServer\domains\netscout.local\framework\web\CBaseController.php(126): require()
#4 C:\newOpenServer\domains\netscout.local\framework\web\CBaseController.php(95): PageController->renderInternal()
#5 C:\newOpenServer\domains\netscout.local\framework\web\CController.php(784): PageController->renderFile()
#6 C:\newOpenServer\domains\netscout.local\protected\controllers\PageController.php(8): PageController->render()
#7 C:\newOpenServer\domains\netscout.local\framework\web\actions\CInlineAction.php(49): PageController->actionIndex()
#8 C:\newOpenServer\domains\netscout.local\framework\web\CController.php(308): CInlineAction->runWithParams()
#9 C:\newOpenServer\domains\netscout.local\framework\web\CController.php(286): PageController->runAction()
#10 C:\newOpenServer\domains\netscout.local\framework\web\CController.php(265): PageController->runActionWithFilters()
#11 C:\newOpenServer\domains\netscout.local\framework\web\CWebApplication.php(282): PageController->run()
#12 C:\newOpenServer\domains\netscout.local\framework\web\CWebApplication.php(141): CWebApplication->runController()
#13 C:\newOpenServer\domains\netscout.local\framework\base\CApplication.php(184): CWebApplication->processRequest()
#14 C:\newOpenServer\domains\netscout.local\index.php(13): CWebApplication->run()
REQUEST_URI=/
in C:\newOpenServer\domains\netscout.local\protected\widgets\MainMenu.php (7)
in C:\newOpenServer\domains\netscout.local\protected\views\layouts\main.php (16)
in C:\newOpenServer\domains\netscout.local\protected\controllers\PageController.php (8)
2015/01/30 16:57:45 [error] [php] include(Page.php): failed to open stream: No such file or directory (C:\newOpenServer\domains\netscout.local\framework\YiiBase.php:432)
Stack trace:
#0 C:\newOpenServer\domains\netscout.local\protected\controllers\PageController.php(8): spl_autoload_call()
#1 unknown(0): PageController->actionIndex()
#2 C:\newOpenServer\domains\netscout.local\framework\web\actions\CAction.php(109): ReflectionMethod->invokeArgs()
#3 C:\newOpenServer\domains\netscout.local\framework\web\actions\CInlineAction.php(47): CInlineAction->runWithParamsInternal()
#4 C:\newOpenServer\domains\netscout.local\framework\web\CController.php(308): CInlineAction->runWithParams()
#5 C:\newOpenServer\domains\netscout.local\framework\web\CController.php(286): PageController->runAction()
#6 C:\newOpenServer\domains\netscout.local\framework\web\CController.php(265): PageController->runActionWithFilters()
#7 C:\newOpenServer\domains\netscout.local\framework\web\CWebApplication.php(282): PageController->run()
#8 C:\newOpenServer\domains\netscout.local\framework\web\CWebApplication.php(141): CWebApplication->runController()
#9 C:\newOpenServer\domains\netscout.local\framework\base\CApplication.php(184): CWebApplication->processRequest()
#10 C:\newOpenServer\domains\netscout.local\index.php(13): CWebApplication->run()
REQUEST_URI=/
in C:\newOpenServer\domains\netscout.local\protected\controllers\PageController.php (8)
in C:\newOpenServer\domains\netscout.local\index.php (13)
2015/01/30 16:58:03 [error] [exception.CDbException] exception 'CDbException' with message 'Table "pages" does not have a column named "meniu_id".' in C:\newOpenServer\domains\netscout.local\framework\db\schema\CDbCommandBuilder.php:697
Stack trace:
#0 C:\newOpenServer\domains\netscout.local\framework\db\ar\CActiveRecord.php(1523): CDbCommandBuilder->createColumnCriteria(Object(CDbTableSchema), Array, '', Array, ''t'.')
#1 C:\newOpenServer\domains\netscout.local\protected\controllers\PageController.php(8): CActiveRecord->findByAttributes(Array)
#2 [internal function]: PageController->actionIndex(1)
#3 C:\newOpenServer\domains\netscout.local\framework\web\actions\CAction.php(109): ReflectionMethod->invokeArgs(Object(PageController), Array)
#4 C:\newOpenServer\domains\netscout.local\framework\web\actions\CInlineAction.php(47): CAction->runWithParamsInternal(Object(PageController), Object(ReflectionMethod), Array)
#5 C:\newOpenServer\domains\netscout.local\framework\web\CController.php(308): CInlineAction->runWithParams(Array)
#6 C:\newOpenServer\domains\netscout.local\framework\web\CController.php(286): CController->runAction(Object(CInlineAction))
#7 C:\newOpenServer\domains\netscout.local\framework\web\CController.php(265): CController->runActionWithFilters(Object(CInlineAction), Array)
#8 C:\newOpenServer\domains\netscout.local\framework\web\CWebApplication.php(282): CController->run('')
#9 C:\newOpenServer\domains\netscout.local\framework\web\CWebApplication.php(141): CWebApplication->runController('')
#10 C:\newOpenServer\domains\netscout.local\framework\base\CApplication.php(184): CWebApplication->processRequest()
#11 C:\newOpenServer\domains\netscout.local\index.php(13): CApplication->run()
#12 {main}
REQUEST_URI=/
---
2015/01/30 17:05:42 [error] [exception.CHttpException.404] exception 'CHttpException' with message 'Unable to resolve the request "pages/index".' in C:\newOpenServer\domains\netscout.local\framework\web\CWebApplication.php:286
Stack trace:
#0 C:\newOpenServer\domains\netscout.local\framework\web\CWebApplication.php(141): CWebApplication->runController('pages/index')
#1 C:\newOpenServer\domains\netscout.local\framework\base\CApplication.php(184): CWebApplication->processRequest()
#2 C:\newOpenServer\domains\netscout.local\index.php(13): CApplication->run()
#3 {main}
REQUEST_URI=/pages/index/1
HTTP_REFERER=http://netscout.local/
---
2015/01/30 17:05:45 [error] [exception.CHttpException.404] exception 'CHttpException' with message 'Unable to resolve the request "pages/index".' in C:\newOpenServer\domains\netscout.local\framework\web\CWebApplication.php:286
Stack trace:
#0 C:\newOpenServer\domains\netscout.local\framework\web\CWebApplication.php(141): CWebApplication->runController('pages/index')
#1 C:\newOpenServer\domains\netscout.local\framework\base\CApplication.php(184): CWebApplication->processRequest()
#2 C:\newOpenServer\domains\netscout.local\index.php(13): CApplication->run()
#3 {main}
REQUEST_URI=/pages/index/2
HTTP_REFERER=http://netscout.local/pages/index/1
---
2015/01/30 17:05:46 [error] [exception.CHttpException.404] exception 'CHttpException' with message 'Unable to resolve the request "pages/index".' in C:\newOpenServer\domains\netscout.local\framework\web\CWebApplication.php:286
Stack trace:
#0 C:\newOpenServer\domains\netscout.local\framework\web\CWebApplication.php(141): CWebApplication->runController('pages/index')
#1 C:\newOpenServer\domains\netscout.local\framework\base\CApplication.php(184): CWebApplication->processRequest()
#2 C:\newOpenServer\domains\netscout.local\index.php(13): CApplication->run()
#3 {main}
REQUEST_URI=/pages/index/3
HTTP_REFERER=http://netscout.local/pages/index/2
---
2015/01/30 17:05:48 [error] [exception.CHttpException.404] exception 'CHttpException' with message 'Unable to resolve the request "pages/index".' in C:\newOpenServer\domains\netscout.local\framework\web\CWebApplication.php:286
Stack trace:
#0 C:\newOpenServer\domains\netscout.local\framework\web\CWebApplication.php(141): CWebApplication->runController('pages/index')
#1 C:\newOpenServer\domains\netscout.local\framework\base\CApplication.php(184): CWebApplication->processRequest()
#2 C:\newOpenServer\domains\netscout.local\index.php(13): CApplication->run()
#3 {main}
REQUEST_URI=/pages/index/4
HTTP_REFERER=http://netscout.local/pages/index/3
---
2015/01/30 17:05:48 [error] [exception.CHttpException.404] exception 'CHttpException' with message 'Unable to resolve the request "pages/index".' in C:\newOpenServer\domains\netscout.local\framework\web\CWebApplication.php:286
Stack trace:
#0 C:\newOpenServer\domains\netscout.local\framework\web\CWebApplication.php(141): CWebApplication->runController('pages/index')
#1 C:\newOpenServer\domains\netscout.local\framework\base\CApplication.php(184): CWebApplication->processRequest()
#2 C:\newOpenServer\domains\netscout.local\index.php(13): CApplication->run()
#3 {main}
REQUEST_URI=/pages/index/5
HTTP_REFERER=http://netscout.local/pages/index/4
---
2015/01/30 17:05:49 [error] [exception.CHttpException.404] exception 'CHttpException' with message 'Unable to resolve the request "pages/index".' in C:\newOpenServer\domains\netscout.local\framework\web\CWebApplication.php:286
Stack trace:
#0 C:\newOpenServer\domains\netscout.local\framework\web\CWebApplication.php(141): CWebApplication->runController('pages/index')
#1 C:\newOpenServer\domains\netscout.local\framework\base\CApplication.php(184): CWebApplication->processRequest()
#2 C:\newOpenServer\domains\netscout.local\index.php(13): CApplication->run()
#3 {main}
REQUEST_URI=/pages/index/1
HTTP_REFERER=http://netscout.local/pages/index/5
---
2015/01/30 17:06:28 [error] [exception.CHttpException.404] exception 'CHttpException' with message 'Unable to resolve the request "pages/index".' in C:\newOpenServer\domains\netscout.local\framework\web\CWebApplication.php:286
Stack trace:
#0 C:\newOpenServer\domains\netscout.local\framework\web\CWebApplication.php(141): CWebApplication->runController('pages/index')
#1 C:\newOpenServer\domains\netscout.local\framework\base\CApplication.php(184): CWebApplication->processRequest()
#2 C:\newOpenServer\domains\netscout.local\index.php(13): CApplication->run()
#3 {main}
REQUEST_URI=/pages/index/1
HTTP_REFERER=http://netscout.local/pages/index/5
---
2015/01/30 17:06:31 [error] [exception.CException] exception 'CException' with message 'PageController cannot find the requested view "".' in C:\newOpenServer\domains\netscout.local\framework\web\CController.php:878
Stack trace:
#0 C:\newOpenServer\domains\netscout.local\framework\web\CController.php(782): CController->renderPartial(NULL, NULL, true)
#1 C:\newOpenServer\domains\netscout.local\protected\controllers\PageController.php(9): CController->render(NULL)
#2 [internal function]: PageController->actionIndex('2')
#3 C:\newOpenServer\domains\netscout.local\framework\web\actions\CAction.php(109): ReflectionMethod->invokeArgs(Object(PageController), Array)
#4 C:\newOpenServer\domains\netscout.local\framework\web\actions\CInlineAction.php(47): CAction->runWithParamsInternal(Object(PageController), Object(ReflectionMethod), Array)
#5 C:\newOpenServer\domains\netscout.local\framework\web\CController.php(308): CInlineAction->runWithParams(Array)
#6 C:\newOpenServer\domains\netscout.local\framework\web\CController.php(286): CController->runAction(Object(CInlineAction))
#7 C:\newOpenServer\domains\netscout.local\framework\web\CController.php(265): CController->runActionWithFilters(Object(CInlineAction), Array)
#8 C:\newOpenServer\domains\netscout.local\framework\web\CWebApplication.php(282): CController->run('index')
#9 C:\newOpenServer\domains\netscout.local\framework\web\CWebApplication.php(141): CWebApplication->runController('page/index')
#10 C:\newOpenServer\domains\netscout.local\framework\base\CApplication.php(184): CWebApplication->processRequest()
#11 C:\newOpenServer\domains\netscout.local\index.php(13): CApplication->run()
#12 {main}
REQUEST_URI=/page/index/2
HTTP_REFERER=http://netscout.local/page/index/1
---
2015/01/30 17:06:39 [error] [exception.CException] exception 'CException' with message 'PageController cannot find the requested view "".' in C:\newOpenServer\domains\netscout.local\framework\web\CController.php:878
Stack trace:
#0 C:\newOpenServer\domains\netscout.local\framework\web\CController.php(782): CController->renderPartial(NULL, NULL, true)
#1 C:\newOpenServer\domains\netscout.local\protected\controllers\PageController.php(9): CController->render(NULL)
#2 [internal function]: PageController->actionIndex('3')
#3 C:\newOpenServer\domains\netscout.local\framework\web\actions\CAction.php(109): ReflectionMethod->invokeArgs(Object(PageController), Array)
#4 C:\newOpenServer\domains\netscout.local\framework\web\actions\CInlineAction.php(47): CAction->runWithParamsInternal(Object(PageController), Object(ReflectionMethod), Array)
#5 C:\newOpenServer\domains\netscout.local\framework\web\CController.php(308): CInlineAction->runWithParams(Array)
#6 C:\newOpenServer\domains\netscout.local\framework\web\CController.php(286): CController->runAction(Object(CInlineAction))
#7 C:\newOpenServer\domains\netscout.local\framework\web\CController.php(265): CController->runActionWithFilters(Object(CInlineAction), Array)
#8 C:\newOpenServer\domains\netscout.local\framework\web\CWebApplication.php(282): CController->run('index')
#9 C:\newOpenServer\domains\netscout.local\framework\web\CWebApplication.php(141): CWebApplication->runController('page/index')
#10 C:\newOpenServer\domains\netscout.local\framework\base\CApplication.php(184): CWebApplication->processRequest()
#11 C:\newOpenServer\domains\netscout.local\index.php(13): CApplication->run()
#12 {main}
REQUEST_URI=/page/index/3
HTTP_REFERER=http://netscout.local/page/index/1
---
2015/01/30 17:55:25 [error] [exception.CException] exception 'CException' with message 'PageController cannot find the requested view "acount".' in C:\newOpenServer\domains\netscout.local\framework\web\CController.php:878
Stack trace:
#0 C:\newOpenServer\domains\netscout.local\framework\web\CController.php(782): CController->renderPartial('acount', NULL, true)
#1 C:\newOpenServer\domains\netscout.local\protected\controllers\PageController.php(12): CController->render('acount')
#2 [internal function]: PageController->actionIndex('5')
#3 C:\newOpenServer\domains\netscout.local\framework\web\actions\CAction.php(109): ReflectionMethod->invokeArgs(Object(PageController), Array)
#4 C:\newOpenServer\domains\netscout.local\framework\web\actions\CInlineAction.php(47): CAction->runWithParamsInternal(Object(PageController), Object(ReflectionMethod), Array)
#5 C:\newOpenServer\domains\netscout.local\framework\web\CController.php(308): CInlineAction->runWithParams(Array)
#6 C:\newOpenServer\domains\netscout.local\framework\web\CController.php(286): CController->runAction(Object(CInlineAction))
#7 C:\newOpenServer\domains\netscout.local\framework\web\CController.php(265): CController->runActionWithFilters(Object(CInlineAction), Array)
#8 C:\newOpenServer\domains\netscout.local\framework\web\CWebApplication.php(282): CController->run('index')
#9 C:\newOpenServer\domains\netscout.local\framework\web\CWebApplication.php(141): CWebApplication->runController('page/index')
#10 C:\newOpenServer\domains\netscout.local\framework\base\CApplication.php(184): CWebApplication->processRequest()
#11 C:\newOpenServer\domains\netscout.local\index.php(13): CApplication->run()
#12 {main}
REQUEST_URI=/page/index/5
HTTP_REFERER=http://netscout.local/page/index/4
---
2015/01/30 19:58:17 [error] [exception.CHttpException.404] exception 'CHttpException' with message 'Unable to resolve the request "services/login".' in C:\newOpenServer\domains\netscout.local\framework\web\CWebApplication.php:286
Stack trace:
#0 C:\newOpenServer\domains\netscout.local\framework\web\CWebApplication.php(141): CWebApplication->runController('services/login')
#1 C:\newOpenServer\domains\netscout.local\framework\base\CApplication.php(184): CWebApplication->processRequest()
#2 C:\newOpenServer\domains\netscout.local\index.php(13): CApplication->run()
#3 {main}
REQUEST_URI=/services/login
HTTP_REFERER=http://netscout.local/page/index/1
---
2015/01/30 19:58:38 [error] [exception.CHttpException.404] exception 'CHttpException' with message 'Unable to resolve the request "services/login".' in C:\newOpenServer\domains\netscout.local\framework\web\CWebApplication.php:286
Stack trace:
#0 C:\newOpenServer\domains\netscout.local\framework\web\CWebApplication.php(141): CWebApplication->runController('services/login')
#1 C:\newOpenServer\domains\netscout.local\framework\base\CApplication.php(184): CWebApplication->processRequest()
#2 C:\newOpenServer\domains\netscout.local\index.php(13): CApplication->run()
#3 {main}
REQUEST_URI=/services/login
HTTP_REFERER=http://netscout.local/page/index/1
---
2015/01/30 21:13:14 [error] [exception.CHttpException.404] exception 'CHttpException' with message 'Unable to resolve the request "favicon.ico".' in /Applications/AMPPS/www/netscout.local/framework/web/CWebApplication.php:286
Stack trace:
#0 /Applications/AMPPS/www/netscout.local/framework/web/CWebApplication.php(141): CWebApplication->runController('favicon.ico')
#1 /Applications/AMPPS/www/netscout.local/framework/base/CApplication.php(184): CWebApplication->processRequest()
#2 /Applications/AMPPS/www/netscout.local/index.php(13): CApplication->run()
#3 {main}
REQUEST_URI=/favicon.ico
---
2015/02/02 18:58:33 [error] [php] Creating default object from empty value (C:\newOpenServer\domains\netscout.local\protected\controllers\ServiceController.php:38)
Stack trace:
#0 C:\newOpenServer\domains\netscout.local\framework\web\CController.php(286): ServiceController->runAction()
#1 C:\newOpenServer\domains\netscout.local\framework\web\CController.php(265): ServiceController->runActionWithFilters()
#2 C:\newOpenServer\domains\netscout.local\framework\web\CWebApplication.php(282): ServiceController->run()
#3 C:\newOpenServer\domains\netscout.local\framework\web\CWebApplication.php(141): CWebApplication->runController()
#4 C:\newOpenServer\domains\netscout.local\framework\base\CApplication.php(184): CWebApplication->processRequest()
#5 C:\newOpenServer\domains\netscout.local\index.php(13): CWebApplication->run()
REQUEST_URI=/service/register
in C:\newOpenServer\domains\netscout.local\protected\controllers\ServiceController.php (38)
in C:\newOpenServer\domains\netscout.local\index.php (13)
2015/02/02 18:59:49 [error] [php] Creating default object from empty value (C:\newOpenServer\domains\netscout.local\protected\controllers\ServiceController.php:38)
Stack trace:
#0 C:\newOpenServer\domains\netscout.local\framework\web\CController.php(286): ServiceController->runAction()
#1 C:\newOpenServer\domains\netscout.local\framework\web\CController.php(265): ServiceController->runActionWithFilters()
#2 C:\newOpenServer\domains\netscout.local\framework\web\CWebApplication.php(282): ServiceController->run()
#3 C:\newOpenServer\domains\netscout.local\framework\web\CWebApplication.php(141): CWebApplication->runController()
#4 C:\newOpenServer\domains\netscout.local\framework\base\CApplication.php(184): CWebApplication->processRequest()
#5 C:\newOpenServer\domains\netscout.local\index.php(13): CWebApplication->run()
REQUEST_URI=/service/register
in C:\newOpenServer\domains\netscout.local\protected\controllers\ServiceController.php (38)
in C:\newOpenServer\domains\netscout.local\index.php (13)
2015/02/02 19:00:59 [error] [php] Creating default object from empty value (C:\newOpenServer\domains\netscout.local\protected\controllers\ServiceController.php:38)
Stack trace:
#0 C:\newOpenServer\domains\netscout.local\framework\web\CController.php(286): ServiceController->runAction()
#1 C:\newOpenServer\domains\netscout.local\framework\web\CController.php(265): ServiceController->runActionWithFilters()
#2 C:\newOpenServer\domains\netscout.local\framework\web\CWebApplication.php(282): ServiceController->run()
#3 C:\newOpenServer\domains\netscout.local\framework\web\CWebApplication.php(141): CWebApplication->runController()
#4 C:\newOpenServer\domains\netscout.local\framework\base\CApplication.php(184): CWebApplication->processRequest()
#5 C:\newOpenServer\domains\netscout.local\index.php(13): CWebApplication->run()
REQUEST_URI=/service/register
in C:\newOpenServer\domains\netscout.local\protected\controllers\ServiceController.php (38)
in C:\newOpenServer\domains\netscout.local\index.php (13)
2015/02/02 19:51:37 [warning] [application] Failed to set unsafe attribute "email" of "RegisterForm".
in C:\newOpenServer\domains\netscout.local\protected\controllers\ServiceController.php (38)
in C:\newOpenServer\domains\netscout.local\index.php (13)
2015/02/02 19:51:37 [error] [exception.CException] exception 'CException' with message 'Property "RegisterForm.email " is not defined.' in C:\newOpenServer\domains\netscout.local\framework\base\CComponent.php:130
Stack trace:
#0 C:\newOpenServer\domains\netscout.local\framework\validators\CRequiredValidator.php(58): CComponent->__get('email ')
#1 C:\newOpenServer\domains\netscout.local\framework\validators\CValidator.php(201): CRequiredValidator->validateAttribute(Object(RegisterForm), 'email ')
#2 C:\newOpenServer\domains\netscout.local\framework\base\CModel.php(159): CValidator->validate(Object(RegisterForm), NULL)
#3 C:\newOpenServer\domains\netscout.local\protected\controllers\ServiceController.php(41): CModel->validate()
#4 C:\newOpenServer\domains\netscout.local\framework\web\actions\CInlineAction.php(49): ServiceController->actionRegister()
#5 C:\newOpenServer\domains\netscout.local\framework\web\CController.php(308): CInlineAction->runWithParams(Array)
#6 C:\newOpenServer\domains\netscout.local\framework\web\CController.php(286): CController->runAction(Object(CInlineAction))
#7 C:\newOpenServer\domains\netscout.local\framework\web\CController.php(265): CController->runActionWithFilters(Object(CInlineAction), Array)
#8 C:\newOpenServer\domains\netscout.local\framework\web\CWebApplication.php(282): CController->run('register')
#9 C:\newOpenServer\domains\netscout.local\framework\web\CWebApplication.php(141): CWebApplication->runController('service/registe...')
#10 C:\newOpenServer\domains\netscout.local\framework\base\CApplication.php(184): CWebApplication->processRequest()
#11 C:\newOpenServer\domains\netscout.local\index.php(13): CApplication->run()
#12 {main}
REQUEST_URI=/service/register
HTTP_REFERER=http://netscout.local/service/register
---
2015/02/02 19:52:27 [warning] [application] Failed to set unsafe attribute "email" of "RegisterForm".
in C:\newOpenServer\domains\netscout.local\protected\controllers\ServiceController.php (38)
in C:\newOpenServer\domains\netscout.local\index.php (13)
2015/02/02 19:52:27 [error] [exception.CException] exception 'CException' with message 'Property "RegisterForm.email " is not defined.' in C:\newOpenServer\domains\netscout.local\framework\base\CComponent.php:130
Stack trace:
#0 C:\newOpenServer\domains\netscout.local\framework\validators\CRequiredValidator.php(58): CComponent->__get('email ')
#1 C:\newOpenServer\domains\netscout.local\framework\validators\CValidator.php(201): CRequiredValidator->validateAttribute(Object(RegisterForm), 'email ')
#2 C:\newOpenServer\domains\netscout.local\framework\base\CModel.php(159): CValidator->validate(Object(RegisterForm), NULL)
#3 C:\newOpenServer\domains\netscout.local\protected\controllers\ServiceController.php(41): CModel->validate()
#4 C:\newOpenServer\domains\netscout.local\framework\web\actions\CInlineAction.php(49): ServiceController->actionRegister()
#5 C:\newOpenServer\domains\netscout.local\framework\web\CController.php(308): CInlineAction->runWithParams(Array)
#6 C:\newOpenServer\domains\netscout.local\framework\web\CController.php(286): CController->runAction(Object(CInlineAction))
#7 C:\newOpenServer\domains\netscout.local\framework\web\CController.php(265): CController->runActionWithFilters(Object(CInlineAction), Array)
#8 C:\newOpenServer\domains\netscout.local\framework\web\CWebApplication.php(282): CController->run('register')
#9 C:\newOpenServer\domains\netscout.local\framework\web\CWebApplication.php(141): CWebApplication->runController('service/registe...')
#10 C:\newOpenServer\domains\netscout.local\framework\base\CApplication.php(184): CWebApplication->processRequest()
#11 C:\newOpenServer\domains\netscout.local\index.php(13): CApplication->run()
#12 {main}
REQUEST_URI=/service/register
HTTP_REFERER=http://netscout.local/service/register
---
2015/02/02 19:54:28 [warning] [application] Failed to set unsafe attribute "email" of "RegisterForm".
in C:\newOpenServer\domains\netscout.local\protected\controllers\ServiceController.php (38)
in C:\newOpenServer\domains\netscout.local\index.php (13)
2015/02/02 19:54:28 [error] [exception.CException] exception 'CException' with message 'Property "RegisterForm.email " is not defined.' in C:\newOpenServer\domains\netscout.local\framework\base\CComponent.php:130
Stack trace:
#0 C:\newOpenServer\domains\netscout.local\framework\validators\CRequiredValidator.php(58): CComponent->__get('email ')
#1 C:\newOpenServer\domains\netscout.local\framework\validators\CValidator.php(201): CRequiredValidator->validateAttribute(Object(RegisterForm), 'email ')
#2 C:\newOpenServer\domains\netscout.local\framework\base\CModel.php(159): CValidator->validate(Object(RegisterForm), NULL)
#3 C:\newOpenServer\domains\netscout.local\protected\controllers\ServiceController.php(41): CModel->validate()
#4 C:\newOpenServer\domains\netscout.local\framework\web\actions\CInlineAction.php(49): ServiceController->actionRegister()
#5 C:\newOpenServer\domains\netscout.local\framework\web\CController.php(308): CInlineAction->runWithParams(Array)
#6 C:\newOpenServer\domains\netscout.local\framework\web\CController.php(286): CController->runAction(Object(CInlineAction))
#7 C:\newOpenServer\domains\netscout.local\framework\web\CController.php(265): CController->runActionWithFilters(Object(CInlineAction), Array)
#8 C:\newOpenServer\domains\netscout.local\framework\web\CWebApplication.php(282): CController->run('register')
#9 C:\newOpenServer\domains\netscout.local\framework\web\CWebApplication.php(141): CWebApplication->runController('service/registe...')
#10 C:\newOpenServer\domains\netscout.local\framework\base\CApplication.php(184): CWebApplication->processRequest()
#11 C:\newOpenServer\domains\netscout.local\index.php(13): CApplication->run()
#12 {main}
REQUEST_URI=/service/register
HTTP_REFERER=http://netscout.local/service/register
---
2015/02/02 20:42:05 [error] [exception.CHttpException.404] exception 'CHttpException' with message 'Unable to resolve the request "favicon.ico".' in C:\newOpenServer\domains\netscout.local\framework\web\CWebApplication.php:286
Stack trace:
#0 C:\newOpenServer\domains\netscout.local\framework\web\CWebApplication.php(141): CWebApplication->runController('favicon.ico')
#1 C:\newOpenServer\domains\netscout.local\framework\base\CApplication.php(184): CWebApplication->processRequest()
#2 C:\newOpenServer\domains\netscout.local\index.php(13): CApplication->run()
#3 {main}
REQUEST_URI=/favicon.ico
---
2015/02/02 20:42:05 [error] [exception.CHttpException.404] exception 'CHttpException' with message 'Unable to resolve the request "favicon.ico".' in C:\newOpenServer\domains\netscout.local\framework\web\CWebApplication.php:286
Stack trace:
#0 C:\newOpenServer\domains\netscout.local\framework\web\CWebApplication.php(141): CWebApplication->runController('favicon.ico')
#1 C:\newOpenServer\domains\netscout.local\framework\base\CApplication.php(184): CWebApplication->processRequest()
#2 C:\newOpenServer\domains\netscout.local\index.php(13): CApplication->run()
#3 {main}
REQUEST_URI=/favicon.ico
---
2015/02/02 21:00:39 [warning] [application] Failed to set unsafe attribute "email" of "Customers".
in C:\newOpenServer\domains\netscout.local\protected\controllers\ServiceController.php (44)
in C:\newOpenServer\domains\netscout.local\index.php (13)
2015/02/02 21:00:39 [warning] [application] Failed to set unsafe attribute "key1" of "Customers".
in C:\newOpenServer\domains\netscout.local\protected\controllers\ServiceController.php (44)
in C:\newOpenServer\domains\netscout.local\index.php (13)
2015/02/02 21:00:39 [warning] [application] Failed to set unsafe attribute "key2" of "Customers".
in C:\newOpenServer\domains\netscout.local\protected\controllers\ServiceController.php (44)
in C:\newOpenServer\domains\netscout.local\index.php (13)
2015/02/02 21:00:39 [warning] [application] Failed to set unsafe attribute "key3" of "Customers".
in C:\newOpenServer\domains\netscout.local\protected\controllers\ServiceController.php (44)
in C:\newOpenServer\domains\netscout.local\index.php (13)
2015/02/02 21:00:39 [warning] [application] Failed to set unsafe attribute "full_key" of "Customers".
in C:\newOpenServer\domains\netscout.local\protected\controllers\ServiceController.php (44)
in C:\newOpenServer\domains\netscout.local\index.php (13)
2015/02/02 21:00:39 [warning] [application] Failed to set unsafe attribute "key_id" of "Customers".
in C:\newOpenServer\domains\netscout.local\protected\controllers\ServiceController.php (44)
in C:\newOpenServer\domains\netscout.local\index.php (13)
2015/02/02 21:05:01 [warning] [application] Failed to set unsafe attribute "email" of "Customers".
in C:\newOpenServer\domains\netscout.local\protected\controllers\ServiceController.php (44)
in C:\newOpenServer\domains\netscout.local\index.php (13)
2015/02/02 21:05:01 [warning] [application] Failed to set unsafe attribute "key1" of "Customers".
in C:\newOpenServer\domains\netscout.local\protected\controllers\ServiceController.php (44)
in C:\newOpenServer\domains\netscout.local\index.php (13)
2015/02/02 21:05:01 [warning] [application] Failed to set unsafe attribute "key2" of "Customers".
in C:\newOpenServer\domains\netscout.local\protected\controllers\ServiceController.php (44)
in C:\newOpenServer\domains\netscout.local\index.php (13)
2015/02/02 21:05:01 [warning] [application] Failed to set unsafe attribute "key3" of "Customers".
in C:\newOpenServer\domains\netscout.local\protected\controllers\ServiceController.php (44)
in C:\newOpenServer\domains\netscout.local\index.php (13)
2015/02/02 21:05:01 [warning] [application] Failed to set unsafe attribute "full_key" of "Customers".
in C:\newOpenServer\domains\netscout.local\protected\controllers\ServiceController.php (44)
in C:\newOpenServer\domains\netscout.local\index.php (13)
2015/02/02 21:05:01 [warning] [application] Failed to set unsafe attribute "key_id" of "Customers".
in C:\newOpenServer\domains\netscout.local\protected\controllers\ServiceController.php (44)
in C:\newOpenServer\domains\netscout.local\index.php (13)
2015/02/02 21:05:01 [error] [exception.CException] exception 'CException' with message 'Property "Customers.reg_number" is not defined.' in C:\newOpenServer\domains\netscout.local\framework\base\CComponent.php:130
Stack trace:
#0 C:\newOpenServer\domains\netscout.local\framework\db\ar\CActiveRecord.php(145): CComponent->__get('reg_number')
#1 C:\newOpenServer\domains\netscout.local\framework\validators\CStringValidator.php(79): CActiveRecord->__get('reg_number')
#2 C:\newOpenServer\domains\netscout.local\framework\validators\CValidator.php(201): CStringValidator->validateAttribute(Object(Customers), 'reg_number')
#3 C:\newOpenServer\domains\netscout.local\framework\base\CModel.php(159): CValidator->validate(Object(Customers), NULL)
#4 C:\newOpenServer\domains\netscout.local\framework\db\ar\CActiveRecord.php(808): CModel->validate(NULL)
#5 C:\newOpenServer\domains\netscout.local\protected\controllers\ServiceController.php(46): CActiveRecord->save()
#6 C:\newOpenServer\domains\netscout.local\framework\web\actions\CInlineAction.php(49): ServiceController->actionRegister()
#7 C:\newOpenServer\domains\netscout.local\framework\web\CController.php(308): CInlineAction->runWithParams(Array)
#8 C:\newOpenServer\domains\netscout.local\framework\web\CController.php(286): CController->runAction(Object(CInlineAction))
#9 C:\newOpenServer\domains\netscout.local\framework\web\CController.php(265): CController->runActionWithFilters(Object(CInlineAction), Array)
#10 C:\newOpenServer\domains\netscout.local\framework\web\CWebApplication.php(282): CController->run('register')
#11 C:\newOpenServer\domains\netscout.local\framework\web\CWebApplication.php(141): CWebApplication->runController('service/registe...')
#12 C:\newOpenServer\domains\netscout.local\framework\base\CApplication.php(184): CWebApplication->processRequest()
#13 C:\newOpenServer\domains\netscout.local\index.php(13): CApplication->run()
#14 {main}
REQUEST_URI=/service/register
HTTP_REFERER=http://netscout.local/service/register
---
2015/02/02 21:05:53 [error] [exception.CHttpException.404] exception 'CHttpException' with message 'Unable to resolve the request "favicon.ico".' in C:\newOpenServer\domains\netscout.local\framework\web\CWebApplication.php:286
Stack trace:
#0 C:\newOpenServer\domains\netscout.local\framework\web\CWebApplication.php(141): CWebApplication->runController('favicon.ico')
#1 C:\newOpenServer\domains\netscout.local\framework\base\CApplication.php(184): CWebApplication->processRequest()
#2 C:\newOpenServer\domains\netscout.local\index.php(13): CApplication->run()
#3 {main}
REQUEST_URI=/favicon.ico
---
2015/02/02 21:07:17 [warning] [application] Failed to set unsafe attribute "email" of "Customers".
in C:\newOpenServer\domains\netscout.local\protected\controllers\ServiceController.php (44)
in C:\newOpenServer\domains\netscout.local\index.php (13)
2015/02/02 21:07:17 [warning] [application] Failed to set unsafe attribute "key1" of "Customers".
in C:\newOpenServer\domains\netscout.local\protected\controllers\ServiceController.php (44)
in C:\newOpenServer\domains\netscout.local\index.php (13)
2015/02/02 21:07:17 [warning] [application] Failed to set unsafe attribute "key2" of "Customers".
in C:\newOpenServer\domains\netscout.local\protected\controllers\ServiceController.php (44)
in C:\newOpenServer\domains\netscout.local\index.php (13)
2015/02/02 21:07:17 [warning] [application] Failed to set unsafe attribute "key3" of "Customers".
in C:\newOpenServer\domains\netscout.local\protected\controllers\ServiceController.php (44)
in C:\newOpenServer\domains\netscout.local\index.php (13)
2015/02/02 21:07:17 [warning] [application] Failed to set unsafe attribute "key_id" of "Customers".
in C:\newOpenServer\domains\netscout.local\protected\controllers\ServiceController.php (44)
in C:\newOpenServer\domains\netscout.local\index.php (13)
2015/02/02 21:11:30 [warning] [application] Failed to set unsafe attribute "email" of "Customers".
in C:\newOpenServer\domains\netscout.local\protected\controllers\ServiceController.php (44)
in C:\newOpenServer\domains\netscout.local\index.php (13)
2015/02/02 21:11:30 [warning] [application] Failed to set unsafe attribute "key1" of "Customers".
in C:\newOpenServer\domains\netscout.local\protected\controllers\ServiceController.php (44)
in C:\newOpenServer\domains\netscout.local\index.php (13)
2015/02/02 21:11:30 [warning] [application] Failed to set unsafe attribute "key2" of "Customers".
in C:\newOpenServer\domains\netscout.local\protected\controllers\ServiceController.php (44)
in C:\newOpenServer\domains\netscout.local\index.php (13)
2015/02/02 21:11:30 [warning] [application] Failed to set unsafe attribute "key3" of "Customers".
in C:\newOpenServer\domains\netscout.local\protected\controllers\ServiceController.php (44)
in C:\newOpenServer\domains\netscout.local\index.php (13)
2015/02/02 21:11:30 [warning] [application] Failed to set unsafe attribute "key_id" of "Customers".
in C:\newOpenServer\domains\netscout.local\protected\controllers\ServiceController.php (44)
in C:\newOpenServer\domains\netscout.local\index.php (13)
2015/02/02 21:13:52 [warning] [application] Failed to set unsafe attribute "email" of "Customers".
in C:\newOpenServer\domains\netscout.local\protected\controllers\ServiceController.php (44)
in C:\newOpenServer\domains\netscout.local\index.php (13)
2015/02/02 21:13:52 [warning] [application] Failed to set unsafe attribute "key1" of "Customers".
in C:\newOpenServer\domains\netscout.local\protected\controllers\ServiceController.php (44)
in C:\newOpenServer\domains\netscout.local\index.php (13)
2015/02/02 21:13:52 [warning] [application] Failed to set unsafe attribute "key2" of "Customers".
in C:\newOpenServer\domains\netscout.local\protected\controllers\ServiceController.php (44)
in C:\newOpenServer\domains\netscout.local\index.php (13)
2015/02/02 21:13:52 [warning] [application] Failed to set unsafe attribute "key3" of "Customers".
in C:\newOpenServer\domains\netscout.local\protected\controllers\ServiceController.php (44)
in C:\newOpenServer\domains\netscout.local\index.php (13)
2015/02/02 21:13:52 [warning] [application] Failed to set unsafe attribute "key_id" of "Customers".
in C:\newOpenServer\domains\netscout.local\protected\controllers\ServiceController.php (44)
in C:\newOpenServer\domains\netscout.local\index.php (13)
2015/02/02 21:15:25 [warning] [application] Failed to set unsafe attribute "email" of "Customers".
in C:\newOpenServer\domains\netscout.local\protected\controllers\ServiceController.php (44)
in C:\newOpenServer\domains\netscout.local\index.php (13)
2015/02/02 21:15:25 [warning] [application] Failed to set unsafe attribute "key1" of "Customers".
in C:\newOpenServer\domains\netscout.local\protected\controllers\ServiceController.php (44)
in C:\newOpenServer\domains\netscout.local\index.php (13)
2015/02/02 21:15:25 [warning] [application] Failed to set unsafe attribute "key2" of "Customers".
in C:\newOpenServer\domains\netscout.local\protected\controllers\ServiceController.php (44)
in C:\newOpenServer\domains\netscout.local\index.php (13)
2015/02/02 21:15:25 [warning] [application] Failed to set unsafe attribute "key3" of "Customers".
in C:\newOpenServer\domains\netscout.local\protected\controllers\ServiceController.php (44)
in C:\newOpenServer\domains\netscout.local\index.php (13)
2015/02/02 21:15:25 [warning] [application] Failed to set unsafe attribute "key_id" of "Customers".
in C:\newOpenServer\domains\netscout.local\protected\controllers\ServiceController.php (44)
in C:\newOpenServer\domains\netscout.local\index.php (13)
2015/02/02 21:19:57 [warning] [application] Failed to set unsafe attribute "email" of "Customers".
in C:\newOpenServer\domains\netscout.local\protected\controllers\ServiceController.php (44)
in C:\newOpenServer\domains\netscout.local\index.php (13)
2015/02/02 21:19:57 [warning] [application] Failed to set unsafe attribute "key1" of "Customers".
in C:\newOpenServer\domains\netscout.local\protected\controllers\ServiceController.php (44)
in C:\newOpenServer\domains\netscout.local\index.php (13)
2015/02/02 21:19:57 [warning] [application] Failed to set unsafe attribute "key2" of "Customers".
in C:\newOpenServer\domains\netscout.local\protected\controllers\ServiceController.php (44)
in C:\newOpenServer\domains\netscout.local\index.php (13)
2015/02/02 21:19:57 [warning] [application] Failed to set unsafe attribute "key3" of "Customers".
in C:\newOpenServer\domains\netscout.local\protected\controllers\ServiceController.php (44)
in C:\newOpenServer\domains\netscout.local\index.php (13)
2015/02/02 21:19:57 [warning] [application] Failed to set unsafe attribute "key_id" of "Customers".
in C:\newOpenServer\domains\netscout.local\protected\controllers\ServiceController.php (44)
in C:\newOpenServer\domains\netscout.local\index.php (13)
2015/02/02 21:23:35 [warning] [application] Failed to set unsafe attribute "email" of "Customers".
in C:\newOpenServer\domains\netscout.local\protected\controllers\ServiceController.php (44)
in C:\newOpenServer\domains\netscout.local\index.php (13)
2015/02/02 21:23:35 [warning] [application] Failed to set unsafe attribute "key1" of "Customers".
in C:\newOpenServer\domains\netscout.local\protected\controllers\ServiceController.php (44)
in C:\newOpenServer\domains\netscout.local\index.php (13)
2015/02/02 21:23:35 [warning] [application] Failed to set unsafe attribute "key2" of "Customers".
in C:\newOpenServer\domains\netscout.local\protected\controllers\ServiceController.php (44)
in C:\newOpenServer\domains\netscout.local\index.php (13)
2015/02/02 21:23:35 [warning] [application] Failed to set unsafe attribute "key3" of "Customers".
in C:\newOpenServer\domains\netscout.local\protected\controllers\ServiceController.php (44)
in C:\newOpenServer\domains\netscout.local\index.php (13)
2015/02/02 21:23:35 [warning] [application] Failed to set unsafe attribute "key_id" of "Customers".
in C:\newOpenServer\domains\netscout.local\protected\controllers\ServiceController.php (44)
in C:\newOpenServer\domains\netscout.local\index.php (13)
2015/02/02 21:12:40 [error] [exception.CHttpException.404] exception 'CHttpException' with message 'Unable to resolve the request "favicon.ico".' in /Applications/AMPPS/www/netscout.local/framework/web/CWebApplication.php:286
Stack trace:
#0 /Applications/AMPPS/www/netscout.local/framework/web/CWebApplication.php(141): CWebApplication->runController('favicon.ico')
#1 /Applications/AMPPS/www/netscout.local/framework/base/CApplication.php(184): CWebApplication->processRequest()
#2 /Applications/AMPPS/www/netscout.local/index.php(13): CApplication->run()
#3 {main}
REQUEST_URI=/favicon.ico
---
2015/02/02 21:12:40 [error] [exception.CHttpException.404] exception 'CHttpException' with message 'Unable to resolve the request "favicon.ico".' in /Applications/AMPPS/www/netscout.local/framework/web/CWebApplication.php:286
Stack trace:
#0 /Applications/AMPPS/www/netscout.local/framework/web/CWebApplication.php(141): CWebApplication->runController('favicon.ico')
#1 /Applications/AMPPS/www/netscout.local/framework/base/CApplication.php(184): CWebApplication->processRequest()
#2 /Applications/AMPPS/www/netscout.local/index.php(13): CApplication->run()
#3 {main}
REQUEST_URI=/favicon.ico
---
2015/02/02 21:22:54 [error] [php] include(ExtLabels.php) [<a href='function.include'>function.include</a>]: failed to open stream: No such file or directory (/Applications/AMPPS/www/netscout.local/framework/YiiBase.php:432)
Stack trace:
#0 /Applications/AMPPS/www/netscout.local/protected/helpers/Trl.php(20): spl_autoload_call()
#1 /Applications/AMPPS/www/netscout.local/protected/helpers/Trl.php(13): Trl->__construct()
#2 /Applications/AMPPS/www/netscout.local/protected/models/forms/LoginForm.php(30): t()
#3 /Applications/AMPPS/www/netscout.local/framework/base/CModel.php(333): LoginForm->attributeLabels()
#4 /Applications/AMPPS/www/netscout.local/framework/web/helpers/CHtml.php(1489): LoginForm->getAttributeLabel()
#5 /Applications/AMPPS/www/netscout.local/framework/web/widgets/CActiveForm.php(585): activeLabel()
#6 /Applications/AMPPS/www/netscout.local/protected/views/service/login.php(12): CActiveForm->label()
#7 /Applications/AMPPS/www/netscout.local/framework/web/CBaseController.php(126): require()
#8 /Applications/AMPPS/www/netscout.local/framework/web/CBaseController.php(95): ServiceController->renderInternal()
#9 /Applications/AMPPS/www/netscout.local/framework/web/CController.php(869): ServiceController->renderFile()
#10 /Applications/AMPPS/www/netscout.local/framework/web/CController.php(782): ServiceController->renderPartial()
#11 /Applications/AMPPS/www/netscout.local/protected/controllers/ServiceController.php(29): ServiceController->render()
#12 /Applications/AMPPS/www/netscout.local/framework/web/actions/CInlineAction.php(49): ServiceController->actionLogin()
#13 /Applications/AMPPS/www/netscout.local/framework/web/CController.php(308): CInlineAction->runWithParams()
#14 /Applications/AMPPS/www/netscout.local/framework/web/CController.php(286): ServiceController->runAction()
#15 /Applications/AMPPS/www/netscout.local/framework/web/CController.php(265): ServiceController->runActionWithFilters()
#16 /Applications/AMPPS/www/netscout.local/framework/web/CWebApplication.php(282): ServiceController->run()
#17 /Applications/AMPPS/www/netscout.local/framework/web/CWebApplication.php(141): CWebApplication->runController()
#18 /Applications/AMPPS/www/netscout.local/framework/base/CApplication.php(184): CWebApplication->processRequest()
#19 /Applications/AMPPS/www/netscout.local/index.php(13): CWebApplication->run()
REQUEST_URI=/service/login
in /Applications/AMPPS/www/netscout.local/protected/helpers/Trl.php (20)
in /Applications/AMPPS/www/netscout.local/protected/helpers/Trl.php (13)
in /Applications/AMPPS/www/netscout.local/protected/models/forms/LoginForm.php (30)
2015/02/02 21:24:03 [error] [php] include(ExtLabels.php) [<a href='function.include'>function.include</a>]: failed to open stream: No such file or directory (/Applications/AMPPS/www/netscout.local/framework/YiiBase.php:432)
Stack trace:
#0 /Applications/AMPPS/www/netscout.local/protected/helpers/Trl.php(20): spl_autoload_call()
#1 /Applications/AMPPS/www/netscout.local/protected/helpers/Trl.php(13): Trl->__construct()
#2 /Applications/AMPPS/www/netscout.local/protected/models/forms/LoginForm.php(30): t()
#3 /Applications/AMPPS/www/netscout.local/framework/base/CModel.php(333): LoginForm->attributeLabels()
#4 /Applications/AMPPS/www/netscout.local/framework/web/helpers/CHtml.php(1489): LoginForm->getAttributeLabel()
#5 /Applications/AMPPS/www/netscout.local/framework/web/widgets/CActiveForm.php(585): activeLabel()
#6 /Applications/AMPPS/www/netscout.local/protected/views/service/login.php(12): CActiveForm->label()
#7 /Applications/AMPPS/www/netscout.local/framework/web/CBaseController.php(126): require()
#8 /Applications/AMPPS/www/netscout.local/framework/web/CBaseController.php(95): ServiceController->renderInternal()
#9 /Applications/AMPPS/www/netscout.local/framework/web/CController.php(869): ServiceController->renderFile()
#10 /Applications/AMPPS/www/netscout.local/framework/web/CController.php(782): ServiceController->renderPartial()
#11 /Applications/AMPPS/www/netscout.local/protected/controllers/ServiceController.php(29): ServiceController->render()
#12 /Applications/AMPPS/www/netscout.local/framework/web/actions/CInlineAction.php(49): ServiceController->actionLogin()
#13 /Applications/AMPPS/www/netscout.local/framework/web/CController.php(308): CInlineAction->runWithParams()
#14 /Applications/AMPPS/www/netscout.local/framework/web/CController.php(286): ServiceController->runAction()
#15 /Applications/AMPPS/www/netscout.local/framework/web/CController.php(265): ServiceController->runActionWithFilters()
#16 /Applications/AMPPS/www/netscout.local/framework/web/CWebApplication.php(282): ServiceController->run()
#17 /Applications/AMPPS/www/netscout.local/framework/web/CWebApplication.php(141): CWebApplication->runController()
#18 /Applications/AMPPS/www/netscout.local/framework/base/CApplication.php(184): CWebApplication->processRequest()
#19 /Applications/AMPPS/www/netscout.local/index.php(13): CWebApplication->run()
REQUEST_URI=/service/login
in /Applications/AMPPS/www/netscout.local/protected/helpers/Trl.php (20)
in /Applications/AMPPS/www/netscout.local/protected/helpers/Trl.php (13)
in /Applications/AMPPS/www/netscout.local/protected/models/forms/LoginForm.php (30)
2015/02/02 22:03:28 [error] [exception.CException] exception 'CException' with message 'Labels and its behaviors do not have a method or closure named "getLabels".' in /Applications/AMPPS/www/netscout.local/framework/base/CComponent.php:266
Stack trace:
#0 /Applications/AMPPS/www/netscout.local/framework/db/ar/CActiveRecord.php(227): CComponent->__call('getLabels', Array)
#1 /Applications/AMPPS/www/netscout.local/protected/helpers/Trl.php(20): CActiveRecord->__call('getLabels', Array)
#2 /Applications/AMPPS/www/netscout.local/protected/helpers/Trl.php(20): Labels->getLabels('en_us')
#3 /Applications/AMPPS/www/netscout.local/protected/helpers/Trl.php(13): Trl->__construct()
#4 /Applications/AMPPS/www/netscout.local/protected/models/forms/LoginForm.php(30): Trl::t()
#5 /Applications/AMPPS/www/netscout.local/framework/base/CModel.php(333): LoginForm->attributeLabels()
#6 /Applications/AMPPS/www/netscout.local/framework/web/helpers/CHtml.php(1489): CModel->getAttributeLabel('login')
#7 /Applications/AMPPS/www/netscout.local/framework/web/widgets/CActiveForm.php(585): CHtml::activeLabel(Object(LoginForm), 'login', Array)
#8 /Applications/AMPPS/www/netscout.local/protected/views/service/login.php(12): CActiveForm->label(Object(LoginForm), 'login')
#9 /Applications/AMPPS/www/netscout.local/framework/web/CBaseController.php(126): require('/Applications/A...')
#10 /Applications/AMPPS/www/netscout.local/framework/web/CBaseController.php(95): CBaseController->renderInternal('/Applications/A...', Array, true)
#11 /Applications/AMPPS/www/netscout.local/framework/web/CController.php(869): CBaseController->renderFile('/Applications/A...', Array, true)
#12 /Applications/AMPPS/www/netscout.local/framework/web/CController.php(782): CController->renderPartial('login', Array, true)
#13 /Applications/AMPPS/www/netscout.local/protected/controllers/ServiceController.php(29): CController->render('login', Array)
#14 /Applications/AMPPS/www/netscout.local/framework/web/actions/CInlineAction.php(49): ServiceController->actionLogin()
#15 /Applications/AMPPS/www/netscout.local/framework/web/CController.php(308): CInlineAction->runWithParams(Array)
#16 /Applications/AMPPS/www/netscout.local/framework/web/CController.php(286): CController->runAction(Object(CInlineAction))
#17 /Applications/AMPPS/www/netscout.local/framework/web/CController.php(265): CController->runActionWithFilters(Object(CInlineAction), Array)
#18 /Applications/AMPPS/www/netscout.local/framework/web/CWebApplication.php(282): CController->run('login')
#19 /Applications/AMPPS/www/netscout.local/framework/web/CWebApplication.php(141): CWebApplication->runController('service/login')
#20 /Applications/AMPPS/www/netscout.local/framework/base/CApplication.php(184): CWebApplication->processRequest()
#21 /Applications/AMPPS/www/netscout.local/index.php(13): CApplication->run()
#22 {main}
REQUEST_URI=/service/login
HTTP_REFERER=http://netscout.local/
---
2015/02/02 22:07:15 [error] [system.db.CDbCommand] Error in preparing SQL: SELECT labels.label , labels_trl.value FROM labels
                JOIN labels_trl,languages
                WHERE labels.id = labels_trl.label_id 
                    AND labels_trl.language_id = languages.id
                    AND languages.prefix = :prefix
in /Applications/AMPPS/www/netscout.local/protected/models/ext/ExtLabels.php (21)
in /Applications/AMPPS/www/netscout.local/protected/helpers/Trl.php (20)
in /Applications/AMPPS/www/netscout.local/protected/helpers/Trl.php (13)
2015/02/02 22:07:15 [error] [system.db.CDbCommand] CDbCommand::fetchAll() failed: CDbCommand failed to prepare the SQL statement: SQLSTATE[HY000]: General error: 1 no such column: labels_trl.label_id. The SQL statement executed was: SELECT labels.label , labels_trl.value FROM labels
                JOIN labels_trl,languages
                WHERE labels.id = labels_trl.label_id 
                    AND labels_trl.language_id = languages.id
                    AND languages.prefix = :prefix.
in /Applications/AMPPS/www/netscout.local/protected/models/ext/ExtLabels.php (21)
in /Applications/AMPPS/www/netscout.local/protected/helpers/Trl.php (20)
in /Applications/AMPPS/www/netscout.local/protected/helpers/Trl.php (13)
2015/02/02 22:07:15 [error] [exception.CDbException] exception 'CDbException' with message 'CDbCommand failed to execute the SQL statement: CDbCommand failed to prepare the SQL statement: SQLSTATE[HY000]: General error: 1 no such column: labels_trl.label_id. The SQL statement executed was: SELECT labels.label , labels_trl.value FROM labels
                JOIN labels_trl,languages
                WHERE labels.id = labels_trl.label_id 
                    AND labels_trl.language_id = languages.id
                    AND languages.prefix = :prefix' in /Applications/AMPPS/www/netscout.local/framework/db/CDbCommand.php:543
Stack trace:
#0 /Applications/AMPPS/www/netscout.local/framework/db/CDbCommand.php(396): CDbCommand->queryInternal('fetchAll', Array, Array)
#1 /Applications/AMPPS/www/netscout.local/protected/models/ext/ExtLabels.php(21): CDbCommand->queryAll(true, Array)
#2 /Applications/AMPPS/www/netscout.local/protected/helpers/Trl.php(20): ExtLabels->getLabels(NULL)
#3 /Applications/AMPPS/www/netscout.local/protected/helpers/Trl.php(13): Trl->__construct()
#4 /Applications/AMPPS/www/netscout.local/protected/models/forms/LoginForm.php(30): Trl::t()
#5 /Applications/AMPPS/www/netscout.local/framework/base/CModel.php(333): LoginForm->attributeLabels()
#6 /Applications/AMPPS/www/netscout.local/framework/web/helpers/CHtml.php(1489): CModel->getAttributeLabel('login')
#7 /Applications/AMPPS/www/netscout.local/framework/web/widgets/CActiveForm.php(585): CHtml::activeLabel(Object(LoginForm), 'login', Array)
#8 /Applications/AMPPS/www/netscout.local/protected/views/service/login.php(12): CActiveForm->label(Object(LoginForm), 'login')
#9 /Applications/AMPPS/www/netscout.local/framework/web/CBaseController.php(126): require('/Applications/A...')
#10 /Applications/AMPPS/www/netscout.local/framework/web/CBaseController.php(95): CBaseController->renderInternal('/Applications/A...', Array, true)
#11 /Applications/AMPPS/www/netscout.local/framework/web/CController.php(869): CBaseController->renderFile('/Applications/A...', Array, true)
#12 /Applications/AMPPS/www/netscout.local/framework/web/CController.php(782): CController->renderPartial('login', Array, true)
#13 /Applications/AMPPS/www/netscout.local/protected/controllers/ServiceController.php(29): CController->render('login', Array)
#14 /Applications/AMPPS/www/netscout.local/framework/web/actions/CInlineAction.php(49): ServiceController->actionLogin()
#15 /Applications/AMPPS/www/netscout.local/framework/web/CController.php(308): CInlineAction->runWithParams(Array)
#16 /Applications/AMPPS/www/netscout.local/framework/web/CController.php(286): CController->runAction(Object(CInlineAction))
#17 /Applications/AMPPS/www/netscout.local/framework/web/CController.php(265): CController->runActionWithFilters(Object(CInlineAction), Array)
#18 /Applications/AMPPS/www/netscout.local/framework/web/CWebApplication.php(282): CController->run('login')
#19 /Applications/AMPPS/www/netscout.local/framework/web/CWebApplication.php(141): CWebApplication->runController('service/login')
#20 /Applications/AMPPS/www/netscout.local/framework/base/CApplication.php(184): CWebApplication->processRequest()
#21 /Applications/AMPPS/www/netscout.local/index.php(13): CApplication->run()
#22 {main}
REQUEST_URI=/service/login
HTTP_REFERER=http://netscout.local/
---
2015/02/02 22:21:32 [error] [php] include(ExtMessage.php) [<a href='function.include'>function.include</a>]: failed to open stream: No such file or directory (/Applications/AMPPS/www/netscout.local/framework/YiiBase.php:432)
Stack trace:
#0 /Applications/AMPPS/www/netscout.local/protected/helpers/Trl.php(21): spl_autoload_call()
#1 /Applications/AMPPS/www/netscout.local/protected/helpers/Trl.php(13): Trl->__construct()
#2 /Applications/AMPPS/www/netscout.local/protected/models/forms/LoginForm.php(30): t()
#3 /Applications/AMPPS/www/netscout.local/framework/base/CModel.php(333): LoginForm->attributeLabels()
#4 /Applications/AMPPS/www/netscout.local/framework/web/helpers/CHtml.php(1489): LoginForm->getAttributeLabel()
#5 /Applications/AMPPS/www/netscout.local/framework/web/widgets/CActiveForm.php(585): activeLabel()
#6 /Applications/AMPPS/www/netscout.local/protected/views/service/login.php(12): CActiveForm->label()
#7 /Applications/AMPPS/www/netscout.local/framework/web/CBaseController.php(126): require()
#8 /Applications/AMPPS/www/netscout.local/framework/web/CBaseController.php(95): ServiceController->renderInternal()
#9 /Applications/AMPPS/www/netscout.local/framework/web/CController.php(869): ServiceController->renderFile()
#10 /Applications/AMPPS/www/netscout.local/framework/web/CController.php(782): ServiceController->renderPartial()
#11 /Applications/AMPPS/www/netscout.local/protected/controllers/ServiceController.php(29): ServiceController->render()
#12 /Applications/AMPPS/www/netscout.local/framework/web/actions/CInlineAction.php(49): ServiceController->actionLogin()
#13 /Applications/AMPPS/www/netscout.local/framework/web/CController.php(308): CInlineAction->runWithParams()
#14 /Applications/AMPPS/www/netscout.local/framework/web/CController.php(286): ServiceController->runAction()
#15 /Applications/AMPPS/www/netscout.local/framework/web/CController.php(265): ServiceController->runActionWithFilters()
#16 /Applications/AMPPS/www/netscout.local/framework/web/CWebApplication.php(282): ServiceController->run()
#17 /Applications/AMPPS/www/netscout.local/framework/web/CWebApplication.php(141): CWebApplication->runController()
#18 /Applications/AMPPS/www/netscout.local/framework/base/CApplication.php(184): CWebApplication->processRequest()
#19 /Applications/AMPPS/www/netscout.local/index.php(13): CWebApplication->run()
REQUEST_URI=/service/login
in /Applications/AMPPS/www/netscout.local/protected/helpers/Trl.php (21)
in /Applications/AMPPS/www/netscout.local/protected/helpers/Trl.php (13)
in /Applications/AMPPS/www/netscout.local/protected/models/forms/LoginForm.php (30)
2015/02/02 22:22:26 [error] [php] include(ExtMessage.php) [<a href='function.include'>function.include</a>]: failed to open stream: No such file or directory (/Applications/AMPPS/www/netscout.local/framework/YiiBase.php:432)
Stack trace:
#0 /Applications/AMPPS/www/netscout.local/protected/helpers/Trl.php(21): spl_autoload_call()
#1 /Applications/AMPPS/www/netscout.local/protected/helpers/Trl.php(13): Trl->__construct()
#2 /Applications/AMPPS/www/netscout.local/protected/models/forms/LoginForm.php(30): t()
#3 /Applications/AMPPS/www/netscout.local/framework/base/CModel.php(333): LoginForm->attributeLabels()
#4 /Applications/AMPPS/www/netscout.local/framework/web/helpers/CHtml.php(1489): LoginForm->getAttributeLabel()
#5 /Applications/AMPPS/www/netscout.local/framework/web/widgets/CActiveForm.php(585): activeLabel()
#6 /Applications/AMPPS/www/netscout.local/protected/views/service/login.php(12): CActiveForm->label()
#7 /Applications/AMPPS/www/netscout.local/framework/web/CBaseController.php(126): require()
#8 /Applications/AMPPS/www/netscout.local/framework/web/CBaseController.php(95): ServiceController->renderInternal()
#9 /Applications/AMPPS/www/netscout.local/framework/web/CController.php(869): ServiceController->renderFile()
#10 /Applications/AMPPS/www/netscout.local/framework/web/CController.php(782): ServiceController->renderPartial()
#11 /Applications/AMPPS/www/netscout.local/protected/controllers/ServiceController.php(29): ServiceController->render()
#12 /Applications/AMPPS/www/netscout.local/framework/web/actions/CInlineAction.php(49): ServiceController->actionLogin()
#13 /Applications/AMPPS/www/netscout.local/framework/web/CController.php(308): CInlineAction->runWithParams()
#14 /Applications/AMPPS/www/netscout.local/framework/web/CController.php(286): ServiceController->runAction()
#15 /Applications/AMPPS/www/netscout.local/framework/web/CController.php(265): ServiceController->runActionWithFilters()
#16 /Applications/AMPPS/www/netscout.local/framework/web/CWebApplication.php(282): ServiceController->run()
#17 /Applications/AMPPS/www/netscout.local/framework/web/CWebApplication.php(141): CWebApplication->runController()
#18 /Applications/AMPPS/www/netscout.local/framework/base/CApplication.php(184): CWebApplication->processRequest()
#19 /Applications/AMPPS/www/netscout.local/index.php(13): CWebApplication->run()
REQUEST_URI=/service/login
in /Applications/AMPPS/www/netscout.local/protected/helpers/Trl.php (21)
in /Applications/AMPPS/www/netscout.local/protected/helpers/Trl.php (13)
in /Applications/AMPPS/www/netscout.local/protected/models/forms/LoginForm.php (30)
2015/02/02 22:22:29 [error] [php] include(ExtMessage.php) [<a href='function.include'>function.include</a>]: failed to open stream: No such file or directory (/Applications/AMPPS/www/netscout.local/framework/YiiBase.php:432)
Stack trace:
#0 /Applications/AMPPS/www/netscout.local/protected/helpers/Trl.php(21): spl_autoload_call()
#1 /Applications/AMPPS/www/netscout.local/protected/helpers/Trl.php(13): Trl->__construct()
#2 /Applications/AMPPS/www/netscout.local/protected/models/forms/LoginForm.php(30): t()
#3 /Applications/AMPPS/www/netscout.local/framework/base/CModel.php(333): LoginForm->attributeLabels()
#4 /Applications/AMPPS/www/netscout.local/framework/web/helpers/CHtml.php(1489): LoginForm->getAttributeLabel()
#5 /Applications/AMPPS/www/netscout.local/framework/web/widgets/CActiveForm.php(585): activeLabel()
#6 /Applications/AMPPS/www/netscout.local/protected/views/service/login.php(12): CActiveForm->label()
#7 /Applications/AMPPS/www/netscout.local/framework/web/CBaseController.php(126): require()
#8 /Applications/AMPPS/www/netscout.local/framework/web/CBaseController.php(95): ServiceController->renderInternal()
#9 /Applications/AMPPS/www/netscout.local/framework/web/CController.php(869): ServiceController->renderFile()
#10 /Applications/AMPPS/www/netscout.local/framework/web/CController.php(782): ServiceController->renderPartial()
#11 /Applications/AMPPS/www/netscout.local/protected/controllers/ServiceController.php(29): ServiceController->render()
#12 /Applications/AMPPS/www/netscout.local/framework/web/actions/CInlineAction.php(49): ServiceController->actionLogin()
#13 /Applications/AMPPS/www/netscout.local/framework/web/CController.php(308): CInlineAction->runWithParams()
#14 /Applications/AMPPS/www/netscout.local/framework/web/CController.php(286): ServiceController->runAction()
#15 /Applications/AMPPS/www/netscout.local/framework/web/CController.php(265): ServiceController->runActionWithFilters()
#16 /Applications/AMPPS/www/netscout.local/framework/web/CWebApplication.php(282): ServiceController->run()
#17 /Applications/AMPPS/www/netscout.local/framework/web/CWebApplication.php(141): CWebApplication->runController()
#18 /Applications/AMPPS/www/netscout.local/framework/base/CApplication.php(184): CWebApplication->processRequest()
#19 /Applications/AMPPS/www/netscout.local/index.php(13): CWebApplication->run()
REQUEST_URI=/service/login
in /Applications/AMPPS/www/netscout.local/protected/helpers/Trl.php (21)
in /Applications/AMPPS/www/netscout.local/protected/helpers/Trl.php (13)
in /Applications/AMPPS/www/netscout.local/protected/models/forms/LoginForm.php (30)
2015/02/02 22:23:58 [error] [php] include(ExtMessage.php) [<a href='function.include'>function.include</a>]: failed to open stream: No such file or directory (/Applications/AMPPS/www/netscout.local/framework/YiiBase.php:432)
Stack trace:
#0 /Applications/AMPPS/www/netscout.local/protected/helpers/Trl.php(21): spl_autoload_call()
#1 /Applications/AMPPS/www/netscout.local/protected/helpers/Trl.php(13): Trl->__construct()
#2 /Applications/AMPPS/www/netscout.local/protected/models/forms/LoginForm.php(30): t()
#3 /Applications/AMPPS/www/netscout.local/framework/base/CModel.php(333): LoginForm->attributeLabels()
#4 /Applications/AMPPS/www/netscout.local/framework/web/helpers/CHtml.php(1489): LoginForm->getAttributeLabel()
#5 /Applications/AMPPS/www/netscout.local/framework/web/widgets/CActiveForm.php(585): activeLabel()
#6 /Applications/AMPPS/www/netscout.local/protected/views/service/login.php(12): CActiveForm->label()
#7 /Applications/AMPPS/www/netscout.local/framework/web/CBaseController.php(126): require()
#8 /Applications/AMPPS/www/netscout.local/framework/web/CBaseController.php(95): ServiceController->renderInternal()
#9 /Applications/AMPPS/www/netscout.local/framework/web/CController.php(869): ServiceController->renderFile()
#10 /Applications/AMPPS/www/netscout.local/framework/web/CController.php(782): ServiceController->renderPartial()
#11 /Applications/AMPPS/www/netscout.local/protected/controllers/ServiceController.php(29): ServiceController->render()
#12 /Applications/AMPPS/www/netscout.local/framework/web/actions/CInlineAction.php(49): ServiceController->actionLogin()
#13 /Applications/AMPPS/www/netscout.local/framework/web/CController.php(308): CInlineAction->runWithParams()
#14 /Applications/AMPPS/www/netscout.local/framework/web/CController.php(286): ServiceController->runAction()
#15 /Applications/AMPPS/www/netscout.local/framework/web/CController.php(265): ServiceController->runActionWithFilters()
#16 /Applications/AMPPS/www/netscout.local/framework/web/CWebApplication.php(282): ServiceController->run()
#17 /Applications/AMPPS/www/netscout.local/framework/web/CWebApplication.php(141): CWebApplication->runController()
#18 /Applications/AMPPS/www/netscout.local/framework/base/CApplication.php(184): CWebApplication->processRequest()
#19 /Applications/AMPPS/www/netscout.local/index.php(13): CWebApplication->run()
REQUEST_URI=/service/login
in /Applications/AMPPS/www/netscout.local/protected/helpers/Trl.php (21)
in /Applications/AMPPS/www/netscout.local/protected/helpers/Trl.php (13)
in /Applications/AMPPS/www/netscout.local/protected/models/forms/LoginForm.php (30)
2015/02/02 22:24:02 [error] [php] include(ExtMessage.php) [<a href='function.include'>function.include</a>]: failed to open stream: No such file or directory (/Applications/AMPPS/www/netscout.local/framework/YiiBase.php:432)
Stack trace:
#0 /Applications/AMPPS/www/netscout.local/protected/helpers/Trl.php(21): spl_autoload_call()
#1 /Applications/AMPPS/www/netscout.local/protected/helpers/Trl.php(13): Trl->__construct()
#2 /Applications/AMPPS/www/netscout.local/protected/models/forms/LoginForm.php(30): t()
#3 /Applications/AMPPS/www/netscout.local/framework/base/CModel.php(333): LoginForm->attributeLabels()
#4 /Applications/AMPPS/www/netscout.local/framework/web/helpers/CHtml.php(1489): LoginForm->getAttributeLabel()
#5 /Applications/AMPPS/www/netscout.local/framework/web/widgets/CActiveForm.php(585): activeLabel()
#6 /Applications/AMPPS/www/netscout.local/protected/views/service/login.php(12): CActiveForm->label()
#7 /Applications/AMPPS/www/netscout.local/framework/web/CBaseController.php(126): require()
#8 /Applications/AMPPS/www/netscout.local/framework/web/CBaseController.php(95): ServiceController->renderInternal()
#9 /Applications/AMPPS/www/netscout.local/framework/web/CController.php(869): ServiceController->renderFile()
#10 /Applications/AMPPS/www/netscout.local/framework/web/CController.php(782): ServiceController->renderPartial()
#11 /Applications/AMPPS/www/netscout.local/protected/controllers/ServiceController.php(29): ServiceController->render()
#12 /Applications/AMPPS/www/netscout.local/framework/web/actions/CInlineAction.php(49): ServiceController->actionLogin()
#13 /Applications/AMPPS/www/netscout.local/framework/web/CController.php(308): CInlineAction->runWithParams()
#14 /Applications/AMPPS/www/netscout.local/framework/web/CController.php(286): ServiceController->runAction()
#15 /Applications/AMPPS/www/netscout.local/framework/web/CController.php(265): ServiceController->runActionWithFilters()
#16 /Applications/AMPPS/www/netscout.local/framework/web/CWebApplication.php(282): ServiceController->run()
#17 /Applications/AMPPS/www/netscout.local/framework/web/CWebApplication.php(141): CWebApplication->runController()
#18 /Applications/AMPPS/www/netscout.local/framework/base/CApplication.php(184): CWebApplication->processRequest()
#19 /Applications/AMPPS/www/netscout.local/index.php(13): CWebApplication->run()
REQUEST_URI=/service/login
in /Applications/AMPPS/www/netscout.local/protected/helpers/Trl.php (21)
in /Applications/AMPPS/www/netscout.local/protected/helpers/Trl.php (13)
in /Applications/AMPPS/www/netscout.local/protected/models/forms/LoginForm.php (30)
2015/02/02 22:26:34 [error] [exception.CException] exception 'CException' with message 'Property "LoginForm.login" is not defined.' in /Applications/AMPPS/www/netscout.local/framework/base/CComponent.php:130
Stack trace:
#0 /Applications/AMPPS/www/netscout.local/framework/web/helpers/CHtml.php(2728): CComponent->__get('login')
#1 /Applications/AMPPS/www/netscout.local/framework/web/helpers/CHtml.php(2451): CHtml::resolveValue(Object(LoginForm), 'login')
#2 /Applications/AMPPS/www/netscout.local/framework/web/helpers/CHtml.php(1533): CHtml::activeInputField('text', Object(LoginForm), 'login', Array)
#3 /Applications/AMPPS/www/netscout.local/framework/web/widgets/CActiveForm.php(792): CHtml::activeTextField(Object(LoginForm), 'login', Array)
#4 /Applications/AMPPS/www/netscout.local/protected/views/service/login.php(14): CActiveForm->textField(Object(LoginForm), 'login')
#5 /Applications/AMPPS/www/netscout.local/framework/web/CBaseController.php(126): require('/Applications/A...')
#6 /Applications/AMPPS/www/netscout.local/framework/web/CBaseController.php(95): CBaseController->renderInternal('/Applications/A...', Array, true)
#7 /Applications/AMPPS/www/netscout.local/framework/web/CController.php(869): CBaseController->renderFile('/Applications/A...', Array, true)
#8 /Applications/AMPPS/www/netscout.local/framework/web/CController.php(782): CController->renderPartial('login', Array, true)
#9 /Applications/AMPPS/www/netscout.local/protected/controllers/ServiceController.php(29): CController->render('login', Array)
#10 /Applications/AMPPS/www/netscout.local/framework/web/actions/CInlineAction.php(49): ServiceController->actionLogin()
#11 /Applications/AMPPS/www/netscout.local/framework/web/CController.php(308): CInlineAction->runWithParams(Array)
#12 /Applications/AMPPS/www/netscout.local/framework/web/CController.php(286): CController->runAction(Object(CInlineAction))
#13 /Applications/AMPPS/www/netscout.local/framework/web/CController.php(265): CController->runActionWithFilters(Object(CInlineAction), Array)
#14 /Applications/AMPPS/www/netscout.local/framework/web/CWebApplication.php(282): CController->run('login')
#15 /Applications/AMPPS/www/netscout.local/framework/web/CWebApplication.php(141): CWebApplication->runController('service/login')
#16 /Applications/AMPPS/www/netscout.local/framework/base/CApplication.php(184): CWebApplication->processRequest()
#17 /Applications/AMPPS/www/netscout.local/index.php(13): CApplication->run()
#18 {main}
REQUEST_URI=/service/login
---
2015/02/02 22:31:48 [error] [exception.CHttpException.404] exception 'CHttpException' with message 'Unable to resolve the request "favicon.ico".' in /Applications/AMPPS/www/netscout.local/framework/web/CWebApplication.php:286
Stack trace:
#0 /Applications/AMPPS/www/netscout.local/framework/web/CWebApplication.php(141): CWebApplication->runController('favicon.ico')
#1 /Applications/AMPPS/www/netscout.local/framework/base/CApplication.php(184): CWebApplication->processRequest()
#2 /Applications/AMPPS/www/netscout.local/index.php(13): CApplication->run()
#3 {main}
REQUEST_URI=/favicon.ico
---
